<?xml version="1.0" encoding="UTF-8"?>
<!-- Generated by org.testng.reporters.JUnitReportReporter -->
<testsuite hostname="DESKTOP-HQ92C6H" failures="0" tests="1" name="com.opensourcedemo.orangehrmlive.AboutDropdownTests" time="9.709" errors="0" timestamp="2024-06-28T00:59:15 IST" skipped="0">
  <testcase classname="com.opensourcedemo.orangehrmlive.AboutDropdownTests" name="aboutDropdownTest" time="9.709"/>
</testsuite> <!-- com.opensourcedemo.orangehrmlive.AboutDropdownTests -->
