<?xml version="1.0" encoding="UTF-8"?>
<!-- Generated by org.testng.reporters.JUnitReportReporter -->
<testsuite hostname="DESKTOP-HQ92C6H" failures="0" tests="1" name="com.opensourcedemo.orangehrmlive.SupportDropdownTests" time="9.424" errors="0" timestamp="2024-06-28T01:02:35 IST" skipped="0">
  <testcase classname="com.opensourcedemo.orangehrmlive.SupportDropdownTests" name="supportDropdownTest" time="9.424"/>
</testsuite> <!-- com.opensourcedemo.orangehrmlive.SupportDropdownTests -->
