<?xml version="1.0" encoding="UTF-8"?>
<!-- Generated by org.testng.reporters.JUnitReportReporter -->
<testsuite hostname="DESKTOP-HQ92C6H" failures="0" tests="1" name="com.opensourcedemo.orangehrmlive.DashboardTabTests" time="7.376" errors="0" timestamp="2024-06-27T18:52:54 IST" skipped="0">
  <testcase classname="com.opensourcedemo.orangehrmlive.DashboardTabTests" name="dashboardTabTest" time="7.376"/>
</testsuite> <!-- com.opensourcedemo.orangehrmlive.DashboardTabTests -->
