<?xml version="1.0" encoding="UTF-8"?>
<!-- Generated by org.testng.reporters.JUnitReportReporter -->
<testsuite hostname="DESKTOP-HQ92C6H" failures="0" tests="4" name="com.opensourcedemo.orangehrmlive.LoginTests" time="29.396" errors="0" timestamp="2024-06-28T00:51:36 IST" skipped="0">
  <testcase classname="com.opensourcedemo.orangehrmlive.LoginTests" name="positiveLoginTest" time="9.343"/>
  <testcase classname="com.opensourcedemo.orangehrmlive.LoginTests" name="negativeLoginTest" time="6.965"/>
  <testcase classname="com.opensourcedemo.orangehrmlive.LoginTests" name="negativeLoginTest" time="5.011"/>
  <testcase classname="com.opensourcedemo.orangehrmlive.LoginTests" name="negativeNoUserPasswordTest" time="8.077"/>
</testsuite> <!-- com.opensourcedemo.orangehrmlive.LoginTests -->
