<?xml version="1.0" encoding="UTF-8"?>
<!-- Generated by org.testng.reporters.JUnitReportReporter -->
<testsuite hostname="DESKTOP-HQ92C6H" failures="0" tests="1" name="com.opensourcedemo.orangehrmlive.DashboardTests" time="8.899" errors="0" timestamp="2024-06-12T01:02:48 IST" skipped="0">
  <testcase classname="com.opensourcedemo.orangehrmlive.DashboardTests" name="dashboardTabTest" time="8.899"/>
</testsuite> <!-- com.opensourcedemo.orangehrmlive.DashboardTests -->
