<?xml version="1.0" encoding="UTF-8"?>
<!-- Generated by org.testng.reporters.JUnitReportReporter -->
<testsuite hostname="DESKTOP-HQ92C6H" failures="0" tests="3" name="com.opensourcedemo.orangehrmlive.ForgotPasswordTests" time="20.478" errors="0" timestamp="2024-06-28T00:23:21 IST" skipped="0">
  <testcase classname="com.opensourcedemo.orangehrmlive.ForgotPasswordTests" name="resetPasswordTests" time="8.566"/>
  <testcase classname="com.opensourcedemo.orangehrmlive.ForgotPasswordTests" name="noUsernameResetTests" time="5.410"/>
  <testcase classname="com.opensourcedemo.orangehrmlive.ForgotPasswordTests" name="cancelResetTests" time="6.502"/>
</testsuite> <!-- com.opensourcedemo.orangehrmlive.ForgotPasswordTests -->
