<?xml version="1.0" encoding="UTF-8"?>
<!-- Generated by org.testng.reporters.JUnitReportReporter -->
<testsuite hostname="DESKTOP-HQ92C6H" failures="0" tests="3" name="com.opensourcedemo.orangehrmlive.ChangePasswordDropdownTests" time="32.930" errors="0" timestamp="2024-06-28T01:31:06 IST" skipped="0">
  <testcase classname="com.opensourcedemo.orangehrmlive.ChangePasswordDropdownTests" name="cancelNewPasswordTest" time="10.619"/>
  <testcase classname="com.opensourcedemo.orangehrmlive.ChangePasswordDropdownTests" name="reqPasswordTest" time="11.777"/>
  <testcase classname="com.opensourcedemo.orangehrmlive.ChangePasswordDropdownTests" name="saveNewPasswordTest" time="10.534"/>
</testsuite> <!-- com.opensourcedemo.orangehrmlive.ChangePasswordDropdownTests -->
